[LOG] System::create                           : Header version = 1.10.01. Current version = 1.10.01.
[LOG] SystemI::setOutputInternal               : Setting output to type 0
[LOG] Manager::init                            : maxchannels = 1024 studioflags = 00000009 flags 00000000 extradriverdata 0000000000000000.
[LOG] SystemI::init                            : FMOD Studio Version: 00011001 (91339)
[LOG] SystemI::init                            : maxchannels = 1024, flags = 00030000, extradriverdata = 0000000000000000
[LOG] SystemI::setOutputInternal               : Setting output to type 8
[LOG] SystemI::setOutputInternal               : Setting output to type 8
[LOG] SystemI::setOutputInternal               : Setting output to type 8
[LOG] OutputWASAPI::init                       : Mix Format (WAVEFORMATEX): wFormatTag=0xFFFE, nChannels=2, nSamplesPerSec=44100, nAvgBytesPerSec=352800, nBlockAlign=8, wBitsPerSample=32, cbSize=22.
[LOG] OutputWASAPI::init                       : Mix Format (WAVEFORMATEXTENSIBLE): wValidBitsPerSample=32, dwChannelMask=0x00000003, SubFormat=00000003-0000-0010-8000-00AA00389B71.
[LOG] OutputWASAPI::init                       : Output buffer size: 3760 samples, latency: 11.61ms, period: 10.00ms, DSP buffer: 1024 * 4
[WRN] SystemI::init                            : Output requires a sample rate of 44100Hz, resampling will occur.
[LOG] SystemI::init                            : Create master channel group and master sound group.
[LOG] SystemI::init                            : Set up emulated output.  1024 channels
[LOG] SystemI::init                            : create the channel pool
[LOG] SystemI::init                            : create the stream thread
[LOG] Thread::initThread                       : Init FMOD stream thread. Priority: 2, Stack Size: 65536, Semaphore: No, Sleep Time: 10, Looping: Yes.
[LOG] SystemI::DSPCodecPoolRegister            : register codec pool for pool type 5
[LOG] Thread::initThread                       : Init FMOD mixer thread. Priority: 3, Stack Size: 49152, Semaphore: No, Sleep Time: 0, Looping: Yes.
[LOG] AsyncManager::init                       : manager 0000000043F21B98 isAsync 1 updatePeriod 0.02
[LOG] Thread::initThread                       : Init FMOD Studio update thread. Priority: 0, Stack Size: 65536, Semaphore: No, Sleep Time: 1, Looping: No.
[LOG] AsyncManager::init                       : done
[LOG] PlaybackSystem::init                     : 
[LOG] Thread::initThread                       : Init FMOD Studio sample load thread. Priority: 0, Stack Size: 65536, Semaphore: No, Sleep Time: 1, Looping: No.
[LOG] PlaybackSystem::init                     : done
[LOG] LiveUpdate::init                         : 
[LOG] Thread::initThread                       : Init FMOD Studio bank load thread. Priority: 0, Stack Size: 65536, Semaphore: No, Sleep Time: 1, Looping: No.
[LOG] Manager::init                            : done.
[LOG] Profile::init                            : Profiler listening on port: 9264
[LOG] Manager::readBank                        : fileversion = 99, compatVersion = 99 (oldest = 44, newest = 99)
[LOG] Manager::readBank                        : fileversion = 99, compatVersion = 99 (oldest = 44, newest = 99)
[LOG] PlaybackSystem::acquireMasterBus         : Setting master channel group format to 6
[LOG] SystemI::createSound                     : filename = FMOD\Build\Desktop/Master Bank.bank : mode 02010082
[LOG] SystemI::createSound                     : FMOD_NONBLOCKING specified.  Putting into queue to be opened asynchronously!
[LOG] Thread::initThread                       : Init FMOD nonblocking thread (0). Priority: 1, Stack Size: 81920, Semaphore: Yes, Sleep Time: 0, Looping: Yes.
[LOG] SystemI::createSound                     : setdata soundi = 0000000043639328 : node = 0000000043DAFA70
[LOG] SystemI::createSound                     : add node to async list : head = 000000003656B088.  list count = 0
[LOG] AsyncThread::threadFunc                  : Starting Asynchronous operation on sound 0000000043639328
[LOG] SystemI::createSoundInternal             :     filename = FMOD\Build\Desktop/Master Bank.bank : mode 02010082
[LOG] SystemI::createSoundInternal             :     filename =  : mode 02000202
[LOG] SystemI::createSoundInternal             :     exinfo->cbsize             = 232
[LOG] SystemI::createSoundInternal             :     exinfo->cbsize             = 232
[LOG] SystemI::createSoundInternal             :     exinfo->length             = 17958144
[LOG] SystemI::createSoundInternal             :     exinfo->length             = 17958144
[LOG] SystemI::createSoundInternal             :     exinfo->fileoffset         = 38272
[LOG] SystemI::createSoundInternal             :     exinfo->fileoffset         = 38272
[LOG] SystemI::createSoundInternal             :     exinfo->numsubsounds       = 1
[LOG] SystemI::createSoundInternal             :     exinfo->numsubsounds       = 1
[LOG] SystemI::createSoundInternal             :     exinfo->inclusionlist      = 0000000043DAFB88
[LOG] SystemI::createSoundInternal             :     exinfo->inclusionlist      = 000000006469F5FC
[LOG] SystemI::createSoundInternal             :     exinfo->inclusionlistnum   = 1
[LOG] SystemI::createSoundInternal             :     exinfo->inclusionlistnum   = 1
[LOG] SystemI::createSoundInternal             :     exinfo->suggestedsoundtype = 5
[LOG] SystemI::createSoundInternal             :     exinfo->suggestedsoundtype = 5
[LOG] SystemI::createSoundInternal             :     exinfo->initialseekpostype = 1
[LOG] SystemI::createSoundInternal             :     exinfo->useropen           = 000007FED9C757A0
[LOG] SystemI::createSoundInternal             :     exinfo->userclose          = 000007FED9C75770
[LOG] SystemI::createSoundInternal             :     exinfo->userread           = 000007FED9C75870
[LOG] SystemI::createSoundInternal             :     exinfo->userseek           = 000007FED9C75920
[LOG] SystemI::createSoundInternal             :     exinfo->fileuserdata       = 0000000057D77978
[LOG] SystemI::createSoundInternal             :     exinfo->initialseekpostype = 1
[LOG] SystemI::createSoundInternal             :     Format has 1 subsounds.
[LOG] SystemI::DSPCodecPoolRegister            :     register codec pool for pool type 5
[LOG] SystemI::createSoundInternal             :     Create as FMOD_CREATESTREAM
[LOG] SystemI::createSoundInternal             :     Format has 1 subsounds.
[LOG] System::createSoundInternal              :     decode buffersize = 19200 : blocksize = 256 : format = 2
[LOG] SystemI::createSoundInternal             :     Create as FMOD_CREATESAMPLE
[LOG] SystemI::createSample                    :     mode 02010082 length 19200 samples, lengthbytes 5899808
[LOG] SystemI::createSoundInternal             :     Multi-sample sound (1 subsounds), create a sample container.
[LOG] SystemI::createSample                    :     channels = 2
[LOG] SystemI::createSoundInternal             :     creating subsound 0/1
[LOG] SystemI::createSample                    :     output = 0000000057605718
[LOG] SystemI::createSample                    :     mode 02000202 length 71690 samples, lengthbytes 21312
[LOG] OutputSoftware::createSample             :     lengthpcm 19200, lengthbytes 5899808, channels 2, format 2, freq 48000, mode 0201008a
[LOG] SystemI::createSample                    :     channels = 2
[LOG] SystemI::createSample                    :     output = 0000000057605718
[LOG] OutputSoftware::createSample             :     lengthpcm 71690, lengthbytes 21312, channels 2, format 2, freq 48000, mode 0200020a
[LOG] System::createSoundInternal              :     1 subsounds detected.
[LOG] System::createSoundInternal              :     Seek stream to start
[LOG] SystemI::createSoundInternal             :     No name found in file, use filename.
[LOG] SystemI::createSoundInternal             :     done.  OpenState now = FMOD_OPENSTATE_READY.

[LOG] SystemI::createSoundInternal             :     filename =  : mode 02000202
[LOG] SystemI::createSoundInternal             :     exinfo->cbsize             = 232
[LOG] SystemI::createSoundInternal             :     exinfo->length             = 17958144
[LOG] SystemI::createSoundInternal             :     exinfo->fileoffset         = 38272
[LOG] SystemI::createSoundInternal             :     exinfo->numsubsounds       = 1
[LOG] SystemI::createSoundInternal             :     exinfo->inclusionlist      = 000000006469F5FC
[LOG] SystemI::createSoundInternal             :     exinfo->inclusionlistnum   = 1
[LOG] SystemI::createSoundInternal             :     exinfo->suggestedsoundtype = 5
[LOG] SystemI::createSoundInternal             :     exinfo->useropen           = 000007FED9C757A0
[LOG] SystemI::createSoundInternal             :     exinfo->userclose          = 000007FED9C75770
[LOG] SystemI::createSoundInternal             :     exinfo->userread           = 000007FED9C75870
[LOG] SystemI::createSoundInternal             :     exinfo->userseek           = 000007FED9C75920
[LOG] SystemI::createSoundInternal             :     exinfo->fileuserdata       = 0000000057D77978
[LOG] SystemI::createSoundInternal             :     exinfo->initialseekpostype = 1
[LOG] SystemI::DSPCodecPoolRegister            :     register codec pool for pool type 5
[LOG] SystemI::createSoundInternal             :     Format has 1 subsounds.
[LOG] SystemI::createSoundInternal             :     Create as FMOD_CREATESAMPLE
[LOG] SystemI::createSoundInternal             :     Multi-sample sound (1 subsounds), create a sample container.
[LOG] SystemI::createSoundInternal             :     creating subsound 0/1
[LOG] SystemI::createSample                    :     mode 02000202 length 17280 samples, lengthbytes 3168
[LOG] SystemI::createSample                    :     channels = 2
[LOG] SystemI::createSample                    :     output = 0000000057605718
[LOG] OutputSoftware::createSample             :     lengthpcm 17280, lengthbytes 3168, channels 2, format 2, freq 48000, mode 0200020a
[LOG] SystemI::createSoundInternal             :     No name found in file, use filename.
[LOG] SystemI::createSoundInternal             :     done.  OpenState now = FMOD_OPENSTATE_READY.

[LOG] System::createSoundInternal              :     flush stream buffer
[LOG] System::createSoundInternal              :     flush successful.
[LOG] System::createSoundInternal              :     switch file handle from small blocking single buffered to large nonblocking doublebuffered.
[LOG] Thread::initThread                       :         Init FMOD file thread. Priority: 1, Stack Size: 16384, Semaphore: No, Sleep Time: 10, Looping: Yes.
[LOG] SystemI::createSoundInternal             :     done.  OpenState now = FMOD_OPENSTATE_READY.

[LOG] AsyncThread::threadFunc                  : Finished Asynchronous operation on sound 0000000043639328
[LOG] SoundI::getSubSound                      : sound 0000000043639328.  Subsound index 0 / 1
[LOG] SystemI::createSoundInternal             : filename =  : mode 02000202
[LOG] SystemI::createSoundInternal             : exinfo->cbsize             = 232
[LOG] SystemI::createSoundInternal             : exinfo->length             = 17958144
[LOG] SystemI::createSoundInternal             : exinfo->fileoffset         = 38272
[LOG] SystemI::createSoundInternal             : exinfo->numsubsounds       = 1
[LOG] SystemI::createSoundInternal             : exinfo->inclusionlist      = 000000006469F5FC
[LOG] SystemI::createSoundInternal             : exinfo->inclusionlistnum   = 1
[LOG] SystemI::createSoundInternal             : exinfo->suggestedsoundtype = 5
[LOG] SystemI::createSoundInternal             : exinfo->useropen           = 000007FED9C757A0
[LOG] SystemI::createSoundInternal             : exinfo->userclose          = 000007FED9C75770
[LOG] SystemI::createSoundInternal             : exinfo->userread           = 000007FED9C75870
[LOG] SystemI::createSoundInternal             : exinfo->userseek           = 000007FED9C75920
[LOG] SystemI::createSoundInternal             : exinfo->fileuserdata       = 0000000043AFD1D8
[LOG] SystemI::createSoundInternal             : exinfo->initialseekpostype = 1
[LOG] SystemI::DSPCodecPoolRegister            : register codec pool for pool type 5
[LOG] SystemI::createSoundInternal             : Format has 1 subsounds.
[LOG] SystemI::createSoundInternal             : Create as FMOD_CREATESAMPLE
[LOG] SystemI::createSoundInternal             : Multi-sample sound (1 subsounds), create a sample container.
[LOG] SystemI::createSoundInternal             : creating subsound 0/1
[LOG] SystemI::createSample                    : mode 02000202 length 162365 samples, lengthbytes 43360
[LOG] SystemI::createSample                    : channels = 2
[LOG] SystemI::createSample                    : output = 0000000057605718
[LOG] OutputSoftware::createSample             : lengthpcm 162365, lengthbytes 43360, channels 2, format 2, freq 48000, mode 0200020a
[LOG] SystemI::createSoundInternal             : No name found in file, use filename.
[LOG] SystemI::createSoundInternal             : done.  OpenState now = FMOD_OPENSTATE_READY.

[LOG] SystemI::createSoundInternal             : filename =  : mode 02000202
[LOG] SystemI::createSoundInternal             : exinfo->cbsize             = 232
[LOG] SystemI::createSoundInternal             : exinfo->length             = 17958144
[LOG] SystemI::createSoundInternal             : exinfo->fileoffset         = 38272
[LOG] SystemI::createSoundInternal             : exinfo->numsubsounds       = 1
[LOG] SystemI::createSoundInternal             : exinfo->inclusionlist      = 000000006469F5FC
[LOG] SystemI::createSoundInternal             : exinfo->inclusionlistnum   = 1
[LOG] SystemI::createSoundInternal             : exinfo->suggestedsoundtype = 5
[LOG] SystemI::createSoundInternal             : exinfo->useropen           = 000007FED9C757A0
[LOG] SystemI::createSoundInternal             : exinfo->userclose          = 000007FED9C75770
[LOG] SystemI::createSoundInternal             : exinfo->userread           = 000007FED9C75870
[LOG] SystemI::createSoundInternal             : exinfo->userseek           = 000007FED9C75920
[LOG] SystemI::createSoundInternal             : exinfo->fileuserdata       = 0000000043AFD1D8
[LOG] SystemI::createSoundInternal             : exinfo->initialseekpostype = 1
[LOG] SystemI::DSPCodecPoolRegister            : register codec pool for pool type 5
[LOG] SystemI::createSoundInternal             : Format has 1 subsounds.
[LOG] SystemI::createSoundInternal             : Create as FMOD_CREATESAMPLE
[LOG] SystemI::createSoundInternal             : Multi-sample sound (1 subsounds), create a sample container.
[LOG] SystemI::createSoundInternal             : creating subsound 0/1
[LOG] SystemI::createSample                    : mode 02000202 length 16128 samples, lengthbytes 4416
[LOG] SystemI::createSample                    : channels = 2
[LOG] SystemI::createSample                    : output = 0000000057605718
[LOG] OutputSoftware::createSample             : lengthpcm 16128, lengthbytes 4416, channels 2, format 2, freq 48000, mode 0200020a
[LOG] SystemI::createSoundInternal             : No name found in file, use filename.
[LOG] SystemI::createSoundInternal             : done.  OpenState now = FMOD_OPENSTATE_READY.

[LOG] SystemI::createSoundInternal             : filename =  : mode 02000202
[LOG] SystemI::createSoundInternal             : exinfo->cbsize             = 232
[LOG] SystemI::createSoundInternal             : exinfo->length             = 17958144
[LOG] SystemI::createSoundInternal             : exinfo->fileoffset         = 38272
[LOG] SystemI::createSoundInternal             : exinfo->numsubsounds       = 1
[LOG] SystemI::createSoundInternal             : exinfo->inclusionlist      = 000000006469F5FC
[LOG] SystemI::createSoundInternal             : exinfo->inclusionlistnum   = 1
[LOG] SystemI::createSoundInternal             : exinfo->suggestedsoundtype = 5
[LOG] SystemI::createSoundInternal             : exinfo->useropen           = 000007FED9C757A0
[LOG] SystemI::createSoundInternal             : exinfo->userclose          = 000007FED9C75770
[LOG] SystemI::createSoundInternal             : exinfo->userread           = 000007FED9C75870
[LOG] SystemI::createSoundInternal             : exinfo->userseek           = 000007FED9C75920
[LOG] SystemI::createSoundInternal             : exinfo->fileuserdata       = 0000000043AFD1D8
[LOG] SystemI::createSoundInternal             : exinfo->initialseekpostype = 1
[LOG] SystemI::DSPCodecPoolRegister            : register codec pool for pool type 5
[LOG] SystemI::createSoundInternal             : Format has 1 subsounds.
[LOG] SystemI::createSoundInternal             : Create as FMOD_CREATESAMPLE
[LOG] SystemI::createSoundInternal             : Multi-sample sound (1 subsounds), create a sample container.
[LOG] SystemI::createSoundInternal             : creating subsound 0/1
[LOG] SystemI::createSample                    : mode 02000202 length 186958 samples, lengthbytes 47136
[LOG] SystemI::createSample                    : channels = 2
[LOG] SystemI::createSample                    : output = 0000000057605718
[LOG] OutputSoftware::createSample             : lengthpcm 186958, lengthbytes 47136, channels 2, format 2, freq 48000, mode 0200020a
[LOG] SystemI::createSoundInternal             : No name found in file, use filename.
[LOG] SystemI::createSoundInternal             : done.  OpenState now = FMOD_OPENSTATE_READY.

[LOG] SystemI::createSoundInternal             : filename =  : mode 02000202
[LOG] SystemI::createSoundInternal             : exinfo->cbsize             = 232
[LOG] SystemI::createSoundInternal             : exinfo->length             = 17958144
[LOG] SystemI::createSoundInternal             : exinfo->fileoffset         = 38272
[LOG] SystemI::createSoundInternal             : exinfo->numsubsounds       = 1
[LOG] SystemI::createSoundInternal             : exinfo->inclusionlist      = 000000006469F5FC
[LOG] SystemI::createSoundInternal             : exinfo->inclusionlistnum   = 1
[LOG] SystemI::createSoundInternal             : exinfo->suggestedsoundtype = 5
[LOG] SystemI::createSoundInternal             : exinfo->useropen           = 000007FED9C757A0
[LOG] SystemI::createSoundInternal             : exinfo->userclose          = 000007FED9C75770
[LOG] SystemI::createSoundInternal             : exinfo->userread           = 000007FED9C75870
[LOG] SystemI::createSoundInternal             : exinfo->userseek           = 000007FED9C75920
[LOG] SystemI::createSoundInternal             : exinfo->fileuserdata       = 0000000043AFD1D8
[LOG] SystemI::createSoundInternal             : exinfo->initialseekpostype = 1
[LOG] SystemI::DSPCodecPoolRegister            : register codec pool for pool type 5
[LOG] SystemI::createSoundInternal             : Format has 1 subsounds.
[LOG] SystemI::createSoundInternal             : Create as FMOD_CREATESAMPLE
[LOG] SystemI::createSoundInternal             : Multi-sample sound (1 subsounds), create a sample container.
[LOG] SystemI::createSoundInternal             : creating subsound 0/1
[LOG] SystemI::createSample                    : mode 02000202 length 312000 samples, lengthbytes 59360
[LOG] SystemI::createSample                    : channels = 1
[LOG] SystemI::createSample                    : output = 0000000057605718
[LOG] OutputSoftware::createSample             : lengthpcm 312000, lengthbytes 59360, channels 1, format 2, freq 48000, mode 0200020a
[LOG] SystemI::createSoundInternal             : No name found in file, use filename.
[LOG] SystemI::createSoundInternal             : done.  OpenState now = FMOD_OPENSTATE_READY.

[LOG] SystemI::createSoundInternal             : filename =  : mode 02000202
[LOG] SystemI::createSoundInternal             : exinfo->cbsize             = 232
[LOG] SystemI::createSoundInternal             : exinfo->length             = 17958144
[LOG] SystemI::createSoundInternal             : exinfo->fileoffset         = 38272
[LOG] SystemI::createSoundInternal             : exinfo->numsubsounds       = 1
[LOG] SystemI::createSoundInternal             : exinfo->inclusionlist      = 000000006469F5FC
[LOG] SystemI::createSoundInternal             : exinfo->inclusionlistnum   = 1
[LOG] SystemI::createSoundInternal             : exinfo->suggestedsoundtype = 5
[LOG] SystemI::createSoundInternal             : exinfo->useropen           = 000007FED9C757A0
[LOG] SystemI::createSoundInternal             : exinfo->userclose          = 000007FED9C75770
[LOG] SystemI::createSoundInternal             : exinfo->userread           = 000007FED9C75870
[LOG] SystemI::createSoundInternal             : exinfo->userseek           = 000007FED9C75920
[LOG] SystemI::createSoundInternal             : exinfo->fileuserdata       = 0000000043AFBBF8
[LOG] SystemI::createSoundInternal             : exinfo->initialseekpostype = 1
[LOG] SystemI::DSPCodecPoolRegister            : register codec pool for pool type 5
[LOG] SystemI::createSoundInternal             : Format has 1 subsounds.
[LOG] SystemI::createSoundInternal             : Create as FMOD_CREATESAMPLE
[LOG] SystemI::createSoundInternal             : Multi-sample sound (1 subsounds), create a sample container.
[LOG] SystemI::createSoundInternal             : creating subsound 0/1
[LOG] SystemI::createSample                    : mode 02000202 length 65201 samples, lengthbytes 15872
[LOG] SystemI::createSample                    : channels = 2
[LOG] SystemI::createSample                    : output = 0000000057605718
[LOG] OutputSoftware::createSample             : lengthpcm 65201, lengthbytes 15872, channels 2, format 2, freq 48000, mode 0200020a
[LOG] SystemI::createSoundInternal             : No name found in file, use filename.
[LOG] SystemI::createSoundInternal             : done.  OpenState now = FMOD_OPENSTATE_READY.

[LOG] SoundI::release                          : Brandenburg No4-1 BWV1049 (0000000043639328)
[LOG] SoundI::release                          : remove stream samples. (0000000043639328)
[LOG] SoundI::release                          :     Brandenburg No4-1 BWV1049 (000000003656B0D8)
[LOG] SoundI::release                          :     done
[LOG] SoundI::release                          : release subsounds. (0000000043639328)
[LOG] SoundI::release                          :     Brandenburg No4-1 BWV1049 (00000000B6DBEF88)
[LOG] SoundI::release                          :     done
[LOG] SoundI::release                          : release codec. (0000000043639328)
[LOG] SoundI::release                          : done
[LOG] SoundI::release                          :  (0000000014A76588)
[LOG] SoundI::release                          : release subsounds. (0000000014A76588)
[LOG] SoundI::release                          :     Snoring (000000003656A238)
[LOG] SoundI::release                          :     done
[LOG] SoundI::release                          : release codec. (0000000014A76588)
[LOG] SoundI::release                          : done
[LOG] SoundI::release                          :  (00000000B6E22CE8)
[LOG] SoundI::release                          : release subsounds. (00000000B6E22CE8)
[LOG] SoundI::release                          :     taskcomplete (00000000B6C58328)
[LOG] SoundI::release                          :     done
[LOG] SoundI::release                          : release codec. (00000000B6E22CE8)
[LOG] SoundI::release                          : done
[LOG] SoundI::release                          :  (0000000014A75FC8)
[LOG] SoundI::release                          : release subsounds. (0000000014A75FC8)
[LOG] SoundI::release                          :     Doorbell (00000000B6C57CA8)
[LOG] SoundI::release                          :     done
[LOG] SoundI::release                          : release codec. (0000000014A75FC8)
[LOG] SoundI::release                          : done
[LOG] SoundI::release                          :  (0000000014A75CE8)
[LOG] SoundI::release                          : release subsounds. (0000000014A75CE8)
[LOG] SoundI::release                          :     Start (000000003656A3D8)
[LOG] SoundI::release                          :     done
[LOG] SoundI::release                          : release codec. (0000000014A75CE8)
[LOG] SoundI::release                          : done
[LOG] SoundI::release                          :  (00000000B6E22B78)
[LOG] SoundI::release                          : release subsounds. (00000000B6E22B78)
[LOG] SoundI::release                          :     Clothingshuffle - Trimmed (00000000B6C58188)
[LOG] SoundI::release                          :     done
[LOG] SoundI::release                          : release codec. (00000000B6E22B78)
[LOG] SoundI::release                          : done
[LOG] SoundI::release                          :  (0000000014A762A8)
[LOG] SoundI::release                          : release subsounds. (0000000014A762A8)
[LOG] SoundI::release                          :     button03a (000000003656AD98)
[LOG] SoundI::release                          :     done
[LOG] SoundI::release                          : release codec. (0000000014A762A8)
[LOG] SoundI::release                          : done
[LOG] SoundI::release                          :  (0000000014A76138)
[LOG] SoundI::release                          : release subsounds. (0000000014A76138)
[LOG] SoundI::release                          :     click (00000000B6C57FE8)
[LOG] SoundI::release                          :     done
[LOG] SoundI::release                          : release codec. (0000000014A76138)
[LOG] SoundI::release                          : done
[LOG] Thread::callback                         : FMOD Studio update thread finished.
[LOG] Thread::callback                         : FMOD Studio bank load thread finished.
[LOG] Profile::disconnectAll                   : Profiler disconnecting all clients
[LOG] Thread::callback                         : FMOD Studio sample load thread finished.
[LOG] LiveUpdate::release                      : 
[LOG] LiveUpdate::reset                        : Reset connection (reason Disconnected)
[LOG] SystemI::close                           : 
[LOG] SystemI::close                           : Stop all sounds
[LOG] Thread::callback                         : FMOD stream thread finished.
[LOG] SystemI::close                           : Stream thread destroyed
[LOG] Thread::callback                         : FMOD mixer thread finished.
[LOG] Profile::disconnectAll                   : Profiler disconnecting all clients
[LOG] SystemI::close                           : Free master channel group.
[LOG] SystemI::close                           : Remove 'master' sound group.
[LOG] SystemI::close                           : Free software output.
[LOG] SystemI::close                           : Free emulated output.
[LOG] SystemI::close                           : Free channel pool.
[LOG] Thread::callback                         : FMOD nonblocking thread (0) finished.
[LOG] Thread::callback                         : FMOD file thread finished.
[LOG] SystemI::close                           : done.

